SF:lib/features/auth/bloc/auth_bloc/auth_state.dart
DA:7,0
DA:8,0
DA:12,1
DA:13,1
DA:17,1
DA:18,1
DA:24,0
DA:26,0
DA:27,0
LF:9
LH:4
end_of_record
SF:lib/features/auth/bloc/auth_bloc/auth_bloc.dart
DA:11,3
DA:12,3
DA:15,1
DA:16,2
DA:17,2
DA:18,1
DA:19,2
DA:21,0
LF:8
LH:7
end_of_record
SF:lib/features/products/bloc/categories/categories_bloc.dart
DA:11,3
DA:13,3
DA:16,1
DA:18,2
DA:19,2
DA:20,1
DA:21,3
DA:23,0
LF:8
LH:7
end_of_record
SF:lib/features/products/bloc/categories/categories_state.dart
DA:6,0
DA:7,0
DA:9,1
DA:10,1
DA:15,1
DA:17,1
DA:18,2
DA:24,0
DA:27,0
DA:28,0
LF:10
LH:5
end_of_record
SF:lib/features/products/bloc/product/product_state.dart
DA:7,0
DA:8,0
DA:12,1
DA:13,1
DA:19,1
DA:21,1
DA:22,1
DA:23,1
DA:30,0
DA:32,0
DA:33,0
DA:34,0
LF:12
LH:6
end_of_record
SF:lib/features/products/bloc/product/product_bloc.dart
DA:13,3
DA:14,3
DA:17,1
DA:18,2
DA:19,2
DA:20,1
DA:21,3
DA:23,0
LF:8
LH:7
end_of_record
SF:lib/config/initializer.dart
DA:13,0
DA:16,1
DA:20,0
DA:21,0
DA:24,1
DA:25,1
DA:27,2
DA:28,1
DA:31,1
DA:32,1
DA:33,1
DA:34,1
DA:37,1
DA:38,2
DA:39,0
DA:43,0
DA:51,0
DA:56,1
DA:57,2
DA:58,0
DA:62,1
DA:63,2
DA:64,0
DA:65,0
DA:68,2
DA:69,0
DA:70,0
LF:27
LH:16
end_of_record
SF:lib/core/network/api_client.dart
DA:20,1
DA:26,0
DA:28,0
DA:31,0
DA:32,0
LF:5
LH:1
end_of_record
SF:lib/features/products/data/models/models.dart
DA:10,1
DA:18,0
DA:19,0
DA:20,0
DA:21,0
DA:22,0
DA:23,0
DA:24,0
DA:28,1
DA:30,6
DA:33,0
DA:34,0
LF:12
LH:3
end_of_record
SF:lib/core/network/api_client_impl.dart
DA:8,0
DA:9,0
DA:15,0
DA:18,0
DA:20,0
DA:23,0
DA:25,0
DA:28,0
DA:37,0
DA:38,0
DA:41,0
DA:42,0
DA:45,0
DA:46,0
DA:49,0
DA:50,0
DA:53,0
DA:54,0
DA:58,0
DA:59,0
DA:62,0
DA:63,0
DA:64,0
LF:23
LH:0
end_of_record
SF:lib/features/products/data/repository/product_repo_impl.dart
DA:9,0
DA:13,0
DA:15,0
DA:18,0
DA:19,0
DA:24,0
DA:26,0
DA:29,0
DA:30,0
LF:9
LH:0
end_of_record
SF:lib/core/navigation/navigator.dart
DA:40,0
DA:42,0
DA:44,0
DA:47,0
DA:54,0
DA:62,0
DA:64,0
DA:65,0
DA:68,0
DA:75,0
DA:83,0
DA:85,0
DA:88,0
DA:91,0
DA:97,0
DA:104,0
DA:114,0
LF:17
LH:0
end_of_record
SF:lib/features/auth/data/respository/auth_repo_impl.dart
DA:8,0
DA:12,0
DA:15,0
LF:3
LH:0
end_of_record
SF:lib/features/auth/screens/login_screen.dart
DA:8,1
DA:10,1
DA:11,1
DA:15,1
DA:17,1
DA:18,1
DA:19,1
DA:20,1
DA:21,1
DA:23,1
DA:24,1
DA:26,1
DA:28,1
DA:30,1
DA:31,1
DA:33,1
DA:39,2
DA:40,1
DA:42,1
DA:43,1
DA:44,1
DA:49,2
DA:50,1
DA:52,1
DA:53,1
DA:57,2
DA:58,1
DA:61,2
DA:62,1
DA:65,2
DA:66,1
DA:68,1
DA:70,1
DA:72,1
DA:73,1
DA:74,0
DA:76,1
DA:77,1
DA:78,1
DA:85,1
DA:86,0
LF:41
LH:39
end_of_record
SF:lib/features/auth/screens/onboarding_screen.dart
DA:12,1
DA:14,1
DA:15,1
DA:23,1
DA:25,1
DA:27,1
DA:28,2
DA:29,2
DA:31,2
DA:32,1
DA:33,2
DA:43,2
DA:48,4
DA:49,2
DA:50,2
DA:51,2
DA:53,0
DA:56,2
DA:57,2
DA:59,2
DA:62,1
DA:66,1
DA:68,2
DA:69,2
DA:70,1
DA:73,0
DA:74,0
DA:77,1
DA:79,1
DA:80,1
DA:81,1
DA:82,1
DA:83,1
DA:84,1
DA:85,1
DA:89,1
DA:90,1
DA:92,1
DA:95,1
DA:96,1
DA:100,1
DA:101,1
DA:102,1
DA:103,3
DA:105,1
DA:106,1
DA:107,1
DA:112,1
DA:114,2
DA:115,1
DA:117,1
DA:118,0
DA:119,1
DA:127,1
LF:54
LH:50
end_of_record
SF:lib/core/theme/primary_theme.dart
DA:13,0
DA:14,0
DA:20,0
DA:21,0
DA:22,0
DA:25,0
DA:27,0
DA:28,0
DA:33,0
DA:34,0
DA:39,0
DA:40,0
DA:43,0
DA:44,0
DA:49,0
DA:50,0
DA:54,0
DA:55,0
DA:56,0
DA:57,0
DA:58,0
DA:59,0
DA:61,0
DA:66,0
DA:67,0
DA:68,0
LF:26
LH:0
end_of_record
