SF:lib/features/auth/bloc/auth_bloc/auth_state.dart
DA:7,0
DA:8,0
DA:12,1
DA:13,1
DA:17,1
DA:18,1
DA:24,0
DA:26,0
DA:27,0
LF:9
LH:4
end_of_record
SF:lib/features/auth/bloc/auth_bloc/auth_bloc.dart
DA:11,3
DA:12,3
DA:15,1
DA:16,2
DA:17,2
DA:18,1
DA:19,2
DA:21,0
LF:8
LH:7
end_of_record
SF:lib/features/products/bloc/categories/categories_bloc.dart
DA:11,3
DA:13,3
DA:16,1
DA:18,2
DA:19,2
DA:20,1
DA:21,3
DA:23,0
LF:8
LH:7
end_of_record
SF:lib/features/products/bloc/categories/categories_state.dart
DA:6,0
DA:7,0
DA:9,1
DA:10,1
DA:15,1
DA:17,1
DA:18,2
DA:24,0
DA:27,0
DA:28,0
LF:10
LH:5
end_of_record
SF:lib/features/products/bloc/product/product_state.dart
DA:7,0
DA:8,0
DA:12,1
DA:13,1
DA:19,1
DA:21,1
DA:22,1
DA:23,1
DA:30,0
DA:32,0
DA:33,0
DA:34,0
LF:12
LH:6
end_of_record
SF:lib/features/products/bloc/product/product_bloc.dart
DA:13,3
DA:14,3
DA:17,1
DA:18,2
DA:19,2
DA:20,1
DA:21,3
DA:23,0
LF:8
LH:7
end_of_record
SF:lib/config/initializer.dart
DA:13,3
DA:16,1
DA:20,0
DA:21,0
DA:24,1
DA:25,1
DA:27,2
DA:28,1
DA:31,1
DA:32,1
DA:33,1
DA:34,1
DA:37,1
DA:38,2
DA:39,3
DA:43,0
DA:51,0
DA:56,1
DA:57,2
DA:58,2
DA:62,1
DA:63,2
DA:64,2
DA:65,2
DA:68,2
DA:69,2
DA:70,2
LF:27
LH:23
end_of_record
SF:lib/core/network/api_client.dart
DA:21,1
DA:27,0
DA:29,0
DA:32,0
DA:33,0
LF:5
LH:1
end_of_record
SF:lib/features/products/data/models/models.dart
DA:10,1
DA:18,0
DA:19,0
DA:20,0
DA:21,0
DA:22,0
DA:23,0
DA:24,0
DA:28,0
DA:29,0
DA:30,0
DA:31,0
DA:32,0
DA:33,0
DA:34,0
DA:38,0
DA:44,0
DA:45,0
DA:46,0
DA:47,0
DA:48,0
DA:49,0
DA:52,1
DA:54,6
DA:57,0
DA:58,0
LF:26
LH:3
end_of_record
SF:lib/core/network/api_client_impl.dart
DA:8,1
DA:9,3
DA:15,4
DA:18,0
DA:20,0
DA:23,0
DA:25,0
DA:28,0
DA:37,0
DA:38,0
DA:41,0
DA:42,0
DA:45,0
DA:46,0
DA:49,0
DA:50,0
DA:53,0
DA:54,0
DA:58,0
DA:59,0
DA:62,0
DA:63,0
DA:64,0
LF:23
LH:3
end_of_record
SF:lib/features/products/data/repository/product_repo_impl.dart
DA:9,1
DA:13,0
DA:15,0
DA:18,0
DA:19,0
DA:24,0
DA:26,0
DA:29,0
DA:30,0
LF:9
LH:1
end_of_record
SF:lib/core/navigation/navigator.dart
DA:40,1
DA:42,0
DA:44,0
DA:47,0
DA:54,0
DA:62,1
DA:64,3
DA:65,1
DA:68,0
DA:75,0
DA:83,0
DA:85,0
DA:88,0
DA:91,0
DA:97,0
DA:104,0
DA:114,3
LF:17
LH:5
end_of_record
SF:lib/features/auth/data/respository/auth_repo_impl.dart
DA:8,1
DA:12,0
DA:15,0
LF:3
LH:1
end_of_record
SF:lib/core/navigation/router.dart
DA:13,3
DA:14,1
DA:15,1
DA:18,1
DA:19,1
DA:21,2
DA:25,1
DA:27,2
DA:34,1
DA:35,1
DA:36,0
DA:37,1
LF:12
LH:11
end_of_record
SF:lib/features/auth/screens/onboarding_screen.dart
DA:7,2
DA:9,1
DA:10,1
DA:14,1
DA:15,3
DA:18,1
DA:20,1
DA:21,1
DA:22,1
LF:9
LH:9
end_of_record
SF:lib/features/auth/screens/login_screen.dart
DA:5,2
DA:7,1
DA:8,1
DA:12,1
DA:14,1
DA:15,1
LF:6
LH:6
end_of_record
SF:lib/main.dart
DA:12,0
DA:13,0
DA:14,0
DA:15,0
DA:19,3
DA:21,1
DA:23,2
DA:24,2
DA:25,1
DA:26,1
DA:27,1
DA:28,0
DA:30,1
DA:31,0
DA:33,1
DA:34,0
DA:37,1
DA:38,1
LF:18
LH:11
end_of_record
